1609145108398	geckodriver	INFO	Listening on 127.0.0.1:61472
1609145111409	mozrunner::runner	INFO	Running command: "C:\\Program Files\\Mozilla Firefox\\firefox.exe" "--marionette" "-foreground" "-no-remote" "-profile" "C:\\Users\\cyril\\AppData\\Local\\Temp\\rust_mozprofileSxUqah"
1609145169574	geckodriver	INFO	Listening on 127.0.0.1:61606
1609145172599	mozrunner::runner	INFO	Running command: "C:\\Program Files\\Mozilla Firefox\\firefox.exe" "--marionette" "-foreground" "-no-remote" "-profile" "C:\\Users\\cyril\\AppData\\Local\\Temp\\rust_mozprofilewlYpow"
Can't find symbol 'eglSwapBuffersWithDamageEXT'.
Can't find symbol 'eglSetDamageRegionKHR'.
console.warn: SearchSettings: "get: No settings file exists, new profile?" (new Error("", "(unknown module)"))
1609145176756	Marionette	INFO	Listening on port 61617
1609145176820	Marionette	WARN	TLS certificate errors will be ignored for this session
JavaScript error: resource://gre/actors/AutoCompleteChild.jsm, line 125: Error: Invalid autocomplete selectedIndex
1609145198953	Marionette	INFO	Stopped listening on port 61617

###!!! [Child][RunMessage] Error: Channel closing: too late to send/recv, messages will be lost

1609145754646	geckodriver	INFO	Listening on 127.0.0.1:62616
1609145757687	mozrunner::runner	INFO	Running command: "C:\\Program Files\\Mozilla Firefox\\firefox.exe" "--marionette" "-foreground" "-no-remote" "-profile" "C:\\Users\\cyril\\AppData\\Local\\Temp\\rust_mozprofileT083lK"
Can't find symbol 'eglSwapBuffersWithDamageEXT'.
Can't find symbol 'eglSetDamageRegionKHR'.
console.warn: SearchSettings: "get: No settings file exists, new profile?" (new Error("", "(unknown module)"))
1609145761450	Marionette	INFO	Listening on port 62627
1609145761860	Marionette	WARN	TLS certificate errors will be ignored for this session
JavaScript error: resource://activity-stream/lib/ASRouter.jsm, line 987: NS_ERROR_ILLEGAL_VALUE: Component returned failure code: 0x80070057 (NS_ERROR_ILLEGAL_VALUE) [nsIObserverService.removeObserver]
console.warn: services.settings: main/partitioning-exempt-urls sync interrupted by shutdown
1609145762579	Marionette	INFO	Stopped listening on port 62627
[Parent 13868, Gecko_IOThread] WARNING: file /builds/worker/checkouts/gecko/ipc/chromium/src/base/process_util_win.cc:166

###!!! [Child][RunMessage] Error: Channel closing: too late to send/recv, messages will be lost

1609145854210	geckodriver	INFO	Listening on 127.0.0.1:62791
1609145857213	mozrunner::runner	INFO	Running command: "C:\\Program Files\\Mozilla Firefox\\firefox.exe" "--marionette" "-foreground" "-no-remote" "-profile" "C:\\Users\\cyril\\AppData\\Local\\Temp\\rust_mozprofileSaAO8p"
Can't find symbol 'eglSwapBuffersWithDamageEXT'.
Can't find symbol 'eglSetDamageRegionKHR'.
console.warn: SearchSettings: "get: No settings file exists, new profile?" (new Error("", "(unknown module)"))
1609145860651	Marionette	INFO	Listening on port 62802
1609145860904	Marionette	WARN	TLS certificate errors will be ignored for this session
JavaScript error: resource://gre/actors/AutoCompleteChild.jsm, line 125: Error: Invalid autocomplete selectedIndex
1609145883392	Marionette	INFO	Stopped listening on port 62802

###!!! [Child][RunMessage] Error: Channel closing: too late to send/recv, messages will be lost

1609146115216	geckodriver	INFO	Listening on 127.0.0.1:63214
1609146118225	mozrunner::runner	INFO	Running command: "C:\\Program Files\\Mozilla Firefox\\firefox.exe" "--marionette" "-foreground" "-no-remote" "-profile" "C:\\Users\\cyril\\AppData\\Local\\Temp\\rust_mozprofileCnVIUr"
Can't find symbol 'eglSwapBuffersWithDamageEXT'.
Can't find symbol 'eglSetDamageRegionKHR'.
console.warn: SearchSettings: "get: No settings file exists, new profile?" (new Error("", "(unknown module)"))
1609146121919	Marionette	INFO	Listening on port 63226
JavaScript error: resource://activity-stream/lib/ASRouter.jsm, line 987: NS_ERROR_ILLEGAL_VALUE: Component returned failure code: 0x80070057 (NS_ERROR_ILLEGAL_VALUE) [nsIObserverService.removeObserver]
console.error: services.settings: 
  main/message-groups Signature failed  TypeError: NetworkError when attempting to fetch resource.
1609146122623	Marionette	INFO	Stopped listening on port 63226

###!!! [Child][RunMessage] Error: Channel closing: too late to send/recv, messages will be lost

1609146148326	geckodriver	INFO	Listening on 127.0.0.1:63300
1609146151352	mozrunner::runner	INFO	Running command: "C:\\Program Files\\Mozilla Firefox\\firefox.exe" "--marionette" "-foreground" "-no-remote" "-profile" "C:\\Users\\cyril\\AppData\\Local\\Temp\\rust_mozprofile9ipTKa"
Can't find symbol 'eglSwapBuffersWithDamageEXT'.
Can't find symbol 'eglSetDamageRegionKHR'.
console.warn: SearchSettings: "get: No settings file exists, new profile?" (new Error("", "(unknown module)"))
1609146154948	Marionette	INFO	Listening on port 63312
1609146155056	Marionette	WARN	TLS certificate errors will be ignored for this session
JavaScript error: resource://activity-stream/lib/ASRouter.jsm, line 987: NS_ERROR_ILLEGAL_VALUE: Component returned failure code: 0x80070057 (NS_ERROR_ILLEGAL_VALUE) [nsIObserverService.removeObserver]
console.error: services.settings: 
  main/cfr-fxa Signature failed  TypeError: NetworkError when attempting to fetch resource.
console.error: services.settings: 
  main/partitioning-exempt-urls Signature failed  TypeError: NetworkError when attempting to fetch resource.
1609146156264	Marionette	INFO	Stopped listening on port 63312

###!!! [Child][RunMessage] Error: Channel closing: too late to send/recv, messages will be lost

1609146415484	geckodriver	INFO	Listening on 127.0.0.1:63726
1609146418495	mozrunner::runner	INFO	Running command: "C:\\Program Files\\Mozilla Firefox\\firefox.exe" "--marionette" "-foreground" "-no-remote" "-profile" "C:\\Users\\cyril\\AppData\\Local\\Temp\\rust_mozprofileYEqfFn"
Can't find symbol 'eglSwapBuffersWithDamageEXT'.
Can't find symbol 'eglSetDamageRegionKHR'.
console.warn: SearchSettings: "get: No settings file exists, new profile?" (new Error("", "(unknown module)"))
1609146422140	Marionette	INFO	Listening on port 63737
1609146422191	Marionette	WARN	TLS certificate errors will be ignored for this session
JavaScript error: resource://gre/actors/AutoCompleteChild.jsm, line 125: Error: Invalid autocomplete selectedIndex
1609146444181	Marionette	INFO	Stopped listening on port 63737

###!!! [Child][RunMessage] Error: Channel closing: too late to send/recv, messages will be lost

1609146577478	geckodriver	INFO	Listening on 127.0.0.1:64044
1609146580520	mozrunner::runner	INFO	Running command: "C:\\Program Files\\Mozilla Firefox\\firefox.exe" "--marionette" "-foreground" "-no-remote" "-profile" "C:\\Users\\cyril\\AppData\\Local\\Temp\\rust_mozprofile7PWUrK"
Can't find symbol 'eglSwapBuffersWithDamageEXT'.
Can't find symbol 'eglSetDamageRegionKHR'.
console.warn: SearchSettings: "get: No settings file exists, new profile?" (new Error("", "(unknown module)"))
1609146583991	Marionette	INFO	Listening on port 64055
1609146584208	Marionette	WARN	TLS certificate errors will be ignored for this session
JavaScript error: resource://gre/actors/AutoCompleteChild.jsm, line 125: Error: Invalid autocomplete selectedIndex
1609146606217	Marionette	INFO	Stopped listening on port 64055

###!!! [Child][RunMessage] Error: Channel closing: too late to send/recv, messages will be lost


###!!! [Child][RunMessage] Error: Channel closing: too late to send/recv, messages will be lost

1609146668775	geckodriver	INFO	Listening on 127.0.0.1:64248
1609146671802	mozrunner::runner	INFO	Running command: "C:\\Program Files\\Mozilla Firefox\\firefox.exe" "--marionette" "-foreground" "-no-remote" "-profile" "C:\\Users\\cyril\\AppData\\Local\\Temp\\rust_mozprofileKEISgk"
Can't find symbol 'eglSwapBuffersWithDamageEXT'.
Can't find symbol 'eglSetDamageRegionKHR'.
console.warn: SearchSettings: "get: No settings file exists, new profile?" (new Error("", "(unknown module)"))
1609146675324	Marionette	INFO	Listening on port 64259
1609146675501	Marionette	WARN	TLS certificate errors will be ignored for this session
JavaScript error: resource://gre/actors/AutoCompleteChild.jsm, line 125: Error: Invalid autocomplete selectedIndex
1609146697532	Marionette	INFO	Stopped listening on port 64259

###!!! [Child][RunMessage] Error: Channel closing: too late to send/recv, messages will be lost

1609146761745	geckodriver	INFO	Listening on 127.0.0.1:64458
1609146764787	mozrunner::runner	INFO	Running command: "C:\\Program Files\\Mozilla Firefox\\firefox.exe" "--marionette" "-foreground" "-no-remote" "-profile" "C:\\Users\\cyril\\AppData\\Local\\Temp\\rust_mozprofiled0ptmU"
Can't find symbol 'eglSwapBuffersWithDamageEXT'.
Can't find symbol 'eglSetDamageRegionKHR'.
console.warn: SearchSettings: "get: No settings file exists, new profile?" (new Error("", "(unknown module)"))
1609146768342	Marionette	INFO	Listening on port 64469
1609146768482	Marionette	WARN	TLS certificate errors will be ignored for this session
JavaScript error: resource://gre/actors/AutoCompleteChild.jsm, line 125: Error: Invalid autocomplete selectedIndex
1609146774080	Marionette	INFO	Stopped listening on port 64469

###!!! [Child][RunMessage] Error: Channel closing: too late to send/recv, messages will be lost

1609146787763	geckodriver	INFO	Listening on 127.0.0.1:64574
1609146790790	mozrunner::runner	INFO	Running command: "C:\\Program Files\\Mozilla Firefox\\firefox.exe" "--marionette" "-foreground" "-no-remote" "-profile" "C:\\Users\\cyril\\AppData\\Local\\Temp\\rust_mozprofile6m3rFp"
Can't find symbol 'eglSwapBuffersWithDamageEXT'.
Can't find symbol 'eglSetDamageRegionKHR'.
console.warn: SearchSettings: "get: No settings file exists, new profile?" (new Error("", "(unknown module)"))
1609146794145	Marionette	INFO	Listening on port 64586
1609146794481	Marionette	WARN	TLS certificate errors will be ignored for this session
JavaScript error: resource://gre/actors/AutoCompleteChild.jsm, line 125: Error: Invalid autocomplete selectedIndex
1609146816583	Marionette	INFO	Stopped listening on port 64586

###!!! [Child][RunMessage] Error: Channel closing: too late to send/recv, messages will be lost

1609146840200	geckodriver	INFO	Listening on 127.0.0.1:64737
1609146843224	mozrunner::runner	INFO	Running command: "C:\\Program Files\\Mozilla Firefox\\firefox.exe" "--marionette" "-foreground" "-no-remote" "-profile" "C:\\Users\\cyril\\AppData\\Local\\Temp\\rust_mozprofile57W69W"
Can't find symbol 'eglSwapBuffersWithDamageEXT'.
Can't find symbol 'eglSetDamageRegionKHR'.
console.warn: SearchSettings: "get: No settings file exists, new profile?" (new Error("", "(unknown module)"))
1609146846825	Marionette	INFO	Listening on port 64748
1609146846934	Marionette	WARN	TLS certificate errors will be ignored for this session
JavaScript error: resource://gre/actors/AutoCompleteChild.jsm, line 125: Error: Invalid autocomplete selectedIndex
1609146868951	Marionette	INFO	Stopped listening on port 64748

###!!! [Child][RunMessage] Error: Channel closing: too late to send/recv, messages will be lost

1609869781959	geckodriver	INFO	Listening on 127.0.0.1:64998
1609869785000	mozrunner::runner	INFO	Running command: "C:\\Program Files\\Mozilla Firefox\\firefox.exe" "--marionette" "-foreground" "-no-remote" "-profile" "C:\\Users\\cyril\\AppData\\Local\\Temp\\rust_mozprofileVMaqkv"
Can't find symbol 'eglSwapBuffersWithDamageEXT'.
Can't find symbol 'eglSetDamageRegionKHR'.
console.warn: SearchSettings: "get: No settings file exists, new profile?" (new Error("", "(unknown module)"))
1609869791350	Marionette	INFO	Listening on port 65006
1609869791406	Marionette	WARN	TLS certificate errors will be ignored for this session
JavaScript error: resource://gre/actors/AutoCompleteChild.jsm, line 125: Error: Invalid autocomplete selectedIndex
1609869813516	Marionette	INFO	Stopped listening on port 65006

###!!! [Child][RunMessage] Error: Channel closing: too late to send/recv, messages will be lost

1609869913291	geckodriver	INFO	Listening on 127.0.0.1:65120
1609869916309	mozrunner::runner	INFO	Running command: "C:\\Program Files\\Mozilla Firefox\\firefox.exe" "--marionette" "-foreground" "-no-remote" "-profile" "C:\\Users\\cyril\\AppData\\Local\\Temp\\rust_mozprofileLsrAbZ"
Can't find symbol 'eglSwapBuffersWithDamageEXT'.
Can't find symbol 'eglSetDamageRegionKHR'.
console.warn: SearchSettings: "get: No settings file exists, new profile?" (new Error("", "(unknown module)"))
1609869920181	Marionette	INFO	Listening on port 65128
1609869920458	Marionette	WARN	TLS certificate errors will be ignored for this session
JavaScript error: resource://gre/actors/AutoCompleteChild.jsm, line 125: Error: Invalid autocomplete selectedIndex
1609869942586	Marionette	INFO	Stopped listening on port 65128

###!!! [Child][RunMessage] Error: Channel closing: too late to send/recv, messages will be lost

1609870041679	geckodriver	INFO	Listening on 127.0.0.1:65240
1609870044704	mozrunner::runner	INFO	Running command: "C:\\Program Files\\Mozilla Firefox\\firefox.exe" "--marionette" "-foreground" "-no-remote" "-profile" "C:\\Users\\cyril\\AppData\\Local\\Temp\\rust_mozprofileQuRmTq"
Can't find symbol 'eglSwapBuffersWithDamageEXT'.
Can't find symbol 'eglSetDamageRegionKHR'.
console.warn: SearchSettings: "get: No settings file exists, new profile?" (new Error("", "(unknown module)"))
1609870048350	Marionette	INFO	Listening on port 65248
1609870048840	Marionette	WARN	TLS certificate errors will be ignored for this session
JavaScript error: resource://gre/actors/AutoCompleteChild.jsm, line 125: Error: Invalid autocomplete selectedIndex
1609870070916	Marionette	INFO	Stopped listening on port 65248

###!!! [Child][RunMessage] Error: Channel closing: too late to send/recv, messages will be lost

1609870090388	geckodriver	INFO	Listening on 127.0.0.1:65352
1609870093414	mozrunner::runner	INFO	Running command: "C:\\Program Files\\Mozilla Firefox\\firefox.exe" "--marionette" "-foreground" "-no-remote" "-profile" "C:\\Users\\cyril\\AppData\\Local\\Temp\\rust_mozprofiletq2HMV"
Can't find symbol 'eglSwapBuffersWithDamageEXT'.
Can't find symbol 'eglSetDamageRegionKHR'.
console.warn: SearchSettings: "get: No settings file exists, new profile?" (new Error("", "(unknown module)"))
1609870096985	Marionette	INFO	Listening on port 65360
1609870097078	Marionette	WARN	TLS certificate errors will be ignored for this session
JavaScript error: resource://gre/actors/AutoCompleteChild.jsm, line 125: Error: Invalid autocomplete selectedIndex
1609870119665	Marionette	INFO	Stopped listening on port 65360

###!!! [Child][RunMessage] Error: Channel closing: too late to send/recv, messages will be lost

1609870257860	geckodriver	INFO	Listening on 127.0.0.1:65505
1609870260868	mozrunner::runner	INFO	Running command: "C:\\Program Files\\Mozilla Firefox\\firefox.exe" "--marionette" "-foreground" "-no-remote" "-profile" "C:\\Users\\cyril\\AppData\\Local\\Temp\\rust_mozprofileDq18KS"
Can't find symbol 'eglSwapBuffersWithDamageEXT'.
Can't find symbol 'eglSetDamageRegionKHR'.
console.warn: SearchSettings: "get: No settings file exists, new profile?" (new Error("", "(unknown module)"))
1609870264290	Marionette	INFO	Listening on port 65515
1609870264506	Marionette	WARN	TLS certificate errors will be ignored for this session
JavaScript error: resource://gre/actors/AutoCompleteChild.jsm, line 125: Error: Invalid autocomplete selectedIndex
[Child 13024, Chrome_ChildThread] WARNING: pipe error: 232: file /builds/worker/checkouts/gecko/ipc/chromium/src/chrome/common/ipc_channel_win.cc:545
[Child 13024, Chrome_ChildThread] WARNING: pipe error: 232: file /builds/worker/checkouts/gecko/ipc/chromium/src/chrome/common/ipc_channel_win.cc:545

###!!! [Child][RunMessage] Error: Channel closing: too late to send/recv, messages will be lost


###!!! [Child][RunMessage] Error: Channel closing: too late to send/recv, messages will be lost


###!!! [Child][RunMessage] Error: Channel closing: too late to send/recv, messages will be lost

1609870268553	Marionette	INFO	Stopped listening on port 65515

###!!! [Child][RunMessage] Error: Channel closing: too late to send/recv, messages will be lost

1609873090003	geckodriver	INFO	Listening on 127.0.0.1:49487
1609873093032	mozrunner::runner	INFO	Running command: "C:\\Program Files\\Mozilla Firefox\\firefox.exe" "--marionette" "-foreground" "-no-remote" "-profile" "C:\\Users\\cyril\\AppData\\Local\\Temp\\rust_mozprofileZY2Wwn"
Can't find symbol 'eglSwapBuffersWithDamageEXT'.
Can't find symbol 'eglSetDamageRegionKHR'.
console.warn: SearchSettings: "get: No settings file exists, new profile?" (new Error("", "(unknown module)"))
1609873097169	Marionette	INFO	Listening on port 49495
1609873097281	Marionette	WARN	TLS certificate errors will be ignored for this session
JavaScript error: resource://gre/actors/AutoCompleteChild.jsm, line 125: Error: Invalid autocomplete selectedIndex
1609873119324	Marionette	INFO	Stopped listening on port 49495

###!!! [Child][RunMessage] Error: Channel closing: too late to send/recv, messages will be lost

1609873259258	geckodriver	INFO	Listening on 127.0.0.1:49609
1609873262270	mozrunner::runner	INFO	Running command: "C:\\Program Files\\Mozilla Firefox\\firefox.exe" "--marionette" "-foreground" "-no-remote" "-profile" "C:\\Users\\cyril\\AppData\\Local\\Temp\\rust_mozprofile6ADBhV"
Can't find symbol 'eglSwapBuffersWithDamageEXT'.
Can't find symbol 'eglSetDamageRegionKHR'.
console.warn: SearchSettings: "get: No settings file exists, new profile?" (new Error("", "(unknown module)"))
1609873265738	Marionette	INFO	Listening on port 49619
1609873265904	Marionette	WARN	TLS certificate errors will be ignored for this session
JavaScript error: resource://gre/actors/AutoCompleteChild.jsm, line 125: Error: Invalid autocomplete selectedIndex
1609873288079	Marionette	INFO	Stopped listening on port 49619

###!!! [Child][RunMessage] Error: Channel closing: too late to send/recv, messages will be lost

1609873329522	geckodriver	INFO	Listening on 127.0.0.1:49727
1609873332549	mozrunner::runner	INFO	Running command: "C:\\Program Files\\Mozilla Firefox\\firefox.exe" "--marionette" "-foreground" "-no-remote" "-profile" "C:\\Users\\cyril\\AppData\\Local\\Temp\\rust_mozprofiletSWljB"
Can't find symbol 'eglSwapBuffersWithDamageEXT'.
Can't find symbol 'eglSetDamageRegionKHR'.
console.warn: SearchSettings: "get: No settings file exists, new profile?" (new Error("", "(unknown module)"))
1609873336045	Marionette	INFO	Listening on port 49735
1609873336200	Marionette	WARN	TLS certificate errors will be ignored for this session
JavaScript error: resource://gre/actors/AutoCompleteChild.jsm, line 125: Error: Invalid autocomplete selectedIndex
1609873358003	Marionette	INFO	Stopped listening on port 49735

###!!! [Child][RunMessage] Error: Channel closing: too late to send/recv, messages will be lost

1609874138192	geckodriver	INFO	Listening on 127.0.0.1:49894
1609874141224	mozrunner::runner	INFO	Running command: "C:\\Program Files\\Mozilla Firefox\\firefox.exe" "--marionette" "-foreground" "-no-remote" "-profile" "C:\\Users\\cyril\\AppData\\Local\\Temp\\rust_mozprofileFBllVR"
Can't find symbol 'eglSwapBuffersWithDamageEXT'.
Can't find symbol 'eglSetDamageRegionKHR'.
console.warn: SearchSettings: "get: No settings file exists, new profile?" (new Error("", "(unknown module)"))
1609874145721	Marionette	INFO	Listening on port 49902
1609874145977	Marionette	WARN	TLS certificate errors will be ignored for this session
JavaScript error: resource://activity-stream/lib/ASRouter.jsm, line 987: NS_ERROR_ILLEGAL_VALUE: Component returned failure code: 0x80070057 (NS_ERROR_ILLEGAL_VALUE) [nsIObserverService.removeObserver]
1609874146419	Marionette	INFO	Stopped listening on port 49902

###!!! [Child][RunMessage] Error: Channel closing: too late to send/recv, messages will be lost

1609874236736	geckodriver	INFO	Listening on 127.0.0.1:49949
1609874239765	mozrunner::runner	INFO	Running command: "C:\\Program Files\\Mozilla Firefox\\firefox.exe" "--marionette" "-foreground" "-no-remote" "-profile" "C:\\Users\\cyril\\AppData\\Local\\Temp\\rust_mozprofilenBPh9Y"
Can't find symbol 'eglSwapBuffersWithDamageEXT'.
Can't find symbol 'eglSetDamageRegionKHR'.
console.warn: SearchSettings: "get: No settings file exists, new profile?" (new Error("", "(unknown module)"))
1609874243400	Marionette	INFO	Listening on port 49957
1609874243919	Marionette	WARN	TLS certificate errors will be ignored for this session
JavaScript error: resource://gre/actors/AutoCompleteChild.jsm, line 125: Error: Invalid autocomplete selectedIndex
1609874266060	Marionette	INFO	Stopped listening on port 49957

###!!! [Child][RunMessage] Error: Channel closing: too late to send/recv, messages will be lost

1609874707387	geckodriver	INFO	Listening on 127.0.0.1:50068
1609874710391	mozrunner::runner	INFO	Running command: "C:\\Program Files\\Mozilla Firefox\\firefox.exe" "--marionette" "-foreground" "-no-remote" "-profile" "C:\\Users\\cyril\\AppData\\Local\\Temp\\rust_mozprofile7JiTw2"
Can't find symbol 'eglSwapBuffersWithDamageEXT'.
Can't find symbol 'eglSetDamageRegionKHR'.
console.warn: SearchSettings: "get: No settings file exists, new profile?" (new Error("", "(unknown module)"))
1609874713849	Marionette	INFO	Listening on port 50077
1609874714035	Marionette	WARN	TLS certificate errors will be ignored for this session
JavaScript error: resource://gre/actors/AutoCompleteChild.jsm, line 125: Error: Invalid autocomplete selectedIndex
1609874735849	Marionette	INFO	Stopped listening on port 50077

###!!! [Child][RunMessage] Error: Channel closing: too late to send/recv, messages will be lost

